98.10.20 22:35 B D:\alotronic 98\alotronic www\aloxoom\melbourn\back.htm --> ftp.xoom.com /persona back.htm
98.10.20 22:41 B D:\alotronic 98\alotronic www\aloxoom\melbourn\back.htm --> ftp.xoom.com /melbourn back.htm
98.10.21 12:31 B D:\alotronic 98\alotronic www\aloxoom\melbourn\start2.htm --> ftp.xoom.com /melbourn start2.htm
98.11.27 12:41 B D:\alotronic 98\alotronicweb\aloxoom\melbourn\anim1.gif --> earth.dbworld.net.au /main/home/allen/public_html/aloxoom/melbourn anim1.gif
98.11.27 12:41 B D:\alotronic 98\alotronicweb\aloxoom\melbourn\BACK.BAK --> earth.dbworld.net.au /main/home/allen/public_html/aloxoom/melbourn BACK.BAK
98.11.27 12:41 B D:\alotronic 98\alotronicweb\aloxoom\melbourn\back.gif --> earth.dbworld.net.au /main/home/allen/public_html/aloxoom/melbourn back.gif
98.11.27 12:41 B D:\alotronic 98\alotronicweb\aloxoom\melbourn\back.htm --> earth.dbworld.net.au /main/home/allen/public_html/aloxoom/melbourn back.htm
98.11.27 12:41 B D:\alotronic 98\alotronicweb\aloxoom\melbourn\bank.htm --> earth.dbworld.net.au /main/home/allen/public_html/aloxoom/melbourn bank.htm
98.11.27 12:42 B D:\alotronic 98\alotronicweb\aloxoom\melbourn\baselow.gif --> earth.dbworld.net.au /main/home/allen/public_html/aloxoom/melbourn baselow.gif
98.11.27 12:42 B D:\alotronic 98\alotronicweb\aloxoom\melbourn\battle.htm --> earth.dbworld.net.au /main/home/allen/public_html/aloxoom/melbourn battle.htm
98.11.27 12:42 B D:\alotronic 98\alotronicweb\aloxoom\melbourn\battle0a.htm --> earth.dbworld.net.au /main/home/allen/public_html/aloxoom/melbourn battle0a.htm
98.11.27 12:42 B D:\alotronic 98\alotronicweb\aloxoom\melbourn\battle0b.htm --> earth.dbworld.net.au /main/home/allen/public_html/aloxoom/melbourn battle0b.htm
98.11.27 12:42 B D:\alotronic 98\alotronicweb\aloxoom\melbourn\battle10.htm --> earth.dbworld.net.au /main/home/allen/public_html/aloxoom/melbourn battle10.htm
98.11.27 12:42 B D:\alotronic 98\alotronicweb\aloxoom\melbourn\battle2.htm --> earth.dbworld.net.au /main/home/allen/public_html/aloxoom/melbourn battle2.htm
98.11.27 12:42 B D:\alotronic 98\alotronicweb\aloxoom\melbourn\battle3a.htm --> earth.dbworld.net.au /main/home/allen/public_html/aloxoom/melbourn battle3a.htm
98.11.27 12:42 B D:\alotronic 98\alotronicweb\aloxoom\melbourn\battle3b.htm --> earth.dbworld.net.au /main/home/allen/public_html/aloxoom/melbourn battle3b.htm
98.11.27 12:42 B D:\alotronic 98\alotronicweb\aloxoom\melbourn\battle4a.htm --> earth.dbworld.net.au /main/home/allen/public_html/aloxoom/melbourn battle4a.htm
98.11.27 12:42 B D:\alotronic 98\alotronicweb\aloxoom\melbourn\battle4b.htm --> earth.dbworld.net.au /main/home/allen/public_html/aloxoom/melbourn battle4b.htm
98.11.27 12:42 B D:\alotronic 98\alotronicweb\aloxoom\melbourn\battle5a.htm --> earth.dbworld.net.au /main/home/allen/public_html/aloxoom/melbourn battle5a.htm
98.11.27 12:42 B D:\alotronic 98\alotronicweb\aloxoom\melbourn\battle5b.htm --> earth.dbworld.net.au /main/home/allen/public_html/aloxoom/melbourn battle5b.htm
98.11.27 12:42 B D:\alotronic 98\alotronicweb\aloxoom\melbourn\battle6a.htm --> earth.dbworld.net.au /main/home/allen/public_html/aloxoom/melbourn battle6a.htm
98.11.27 12:42 B D:\alotronic 98\alotronicweb\aloxoom\melbourn\battle6b.htm --> earth.dbworld.net.au /main/home/allen/public_html/aloxoom/melbourn battle6b.htm
98.11.27 12:42 B D:\alotronic 98\alotronicweb\aloxoom\melbourn\battle7a.htm --> earth.dbworld.net.au /main/home/allen/public_html/aloxoom/melbourn battle7a.htm
98.11.27 12:42 B D:\alotronic 98\alotronicweb\aloxoom\melbourn\battle7b.htm --> earth.dbworld.net.au /main/home/allen/public_html/aloxoom/melbourn battle7b.htm
98.11.27 12:42 B D:\alotronic 98\alotronicweb\aloxoom\melbourn\battle8a.htm --> earth.dbworld.net.au /main/home/allen/public_html/aloxoom/melbourn battle8a.htm
98.11.27 12:42 B D:\alotronic 98\alotronicweb\aloxoom\melbourn\battle8b.htm --> earth.dbworld.net.au /main/home/allen/public_html/aloxoom/melbourn battle8b.htm
98.11.27 12:42 B D:\alotronic 98\alotronicweb\aloxoom\melbourn\battle9a.htm --> earth.dbworld.net.au /main/home/allen/public_html/aloxoom/melbourn battle9a.htm
98.11.27 12:42 B D:\alotronic 98\alotronicweb\aloxoom\melbourn\battle9b.htm --> earth.dbworld.net.au /main/home/allen/public_html/aloxoom/melbourn battle9b.htm
98.11.27 12:42 B D:\alotronic 98\alotronicweb\aloxoom\melbourn\biglauf.htm --> earth.dbworld.net.au /main/home/allen/public_html/aloxoom/melbourn biglauf.htm
98.11.27 12:42 B D:\alotronic 98\alotronicweb\aloxoom\melbourn\blank.htm --> earth.dbworld.net.au /main/home/allen/public_html/aloxoom/melbourn blank.htm
98.11.27 12:43 B D:\alotronic 98\alotronicweb\aloxoom\melbourn\bones.gif --> earth.dbworld.net.au /main/home/allen/public_html/aloxoom/melbourn bones.gif
98.11.27 12:43 B D:\alotronic 98\alotronicweb\aloxoom\melbourn\bones_b.htm --> earth.dbworld.net.au /main/home/allen/public_html/aloxoom/melbourn bones_b.htm
98.11.27 12:43 B D:\alotronic 98\alotronicweb\aloxoom\melbourn\bones_d.htm --> earth.dbworld.net.au /main/home/allen/public_html/aloxoom/melbourn bones_d.htm
98.11.27 12:43 B D:\alotronic 98\alotronicweb\aloxoom\melbourn\cameras.htm --> earth.dbworld.net.au /main/home/allen/public_html/aloxoom/melbourn cameras.htm
98.11.27 12:43 B D:\alotronic 98\alotronicweb\aloxoom\melbourn\car.gif --> earth.dbworld.net.au /main/home/allen/public_html/aloxoom/melbourn car.gif
98.11.27 12:43 B D:\alotronic 98\alotronicweb\aloxoom\melbourn\carpark.gif --> earth.dbworld.net.au /main/home/allen/public_html/aloxoom/melbourn carpark.gif
98.11.27 12:43 B D:\alotronic 98\alotronicweb\aloxoom\melbourn\carpark.htm --> earth.dbworld.net.au /main/home/allen/public_html/aloxoom/melbourn carpark.htm
98.11.27 12:43 B D:\alotronic 98\alotronicweb\aloxoom\melbourn\carpark.pal --> earth.dbworld.net.au /main/home/allen/public_html/aloxoom/melbourn carpark.pal
98.11.27 12:43 B D:\alotronic 98\alotronicweb\aloxoom\melbourn\carpark1.htm --> earth.dbworld.net.au /main/home/allen/public_html/aloxoom/melbourn carpark1.htm
98.11.27 12:44 B D:\alotronic 98\alotronicweb\aloxoom\melbourn\casino.htm --> earth.dbworld.net.au /main/home/allen/public_html/aloxoom/melbourn casino.htm
98.11.27 12:44 B D:\alotronic 98\alotronicweb\aloxoom\melbourn\casinopi.htm --> earth.dbworld.net.au /main/home/allen/public_html/aloxoom/melbourn casinopi.htm
98.11.27 12:44 B D:\alotronic 98\alotronicweb\aloxoom\melbourn\caspic2.htm --> earth.dbworld.net.au /main/home/allen/public_html/aloxoom/melbourn caspic2.htm
98.11.27 12:44 B D:\alotronic 98\alotronicweb\aloxoom\melbourn\caution.gif --> earth.dbworld.net.au /main/home/allen/public_html/aloxoom/melbourn caution.gif
98.11.27 12:44 B D:\alotronic 98\alotronicweb\aloxoom\melbourn\choice.gif --> earth.dbworld.net.au /main/home/allen/public_html/aloxoom/melbourn choice.gif
98.11.27 12:44 B D:\alotronic 98\alotronicweb\aloxoom\melbourn\choice.htm --> earth.dbworld.net.au /main/home/allen/public_html/aloxoom/melbourn choice.htm
98.11.27 12:44 B D:\alotronic 98\alotronicweb\aloxoom\melbourn\choiceb.htm --> earth.dbworld.net.au /main/home/allen/public_html/aloxoom/melbourn choiceb.htm
98.11.27 12:44 B D:\alotronic 98\alotronicweb\aloxoom\melbourn\choiced.htm --> earth.dbworld.net.au /main/home/allen/public_html/aloxoom/melbourn choiced.htm
98.11.27 12:44 B D:\alotronic 98\alotronicweb\aloxoom\melbourn\commit.htm --> earth.dbworld.net.au /main/home/allen/public_html/aloxoom/melbourn commit.htm
98.11.27 12:44 B D:\alotronic 98\alotronicweb\aloxoom\melbourn\crown.gif --> earth.dbworld.net.au /main/home/allen/public_html/aloxoom/melbourn crown.gif
98.11.27 12:44 B D:\alotronic 98\alotronicweb\aloxoom\melbourn\doit.htm --> earth.dbworld.net.au /main/home/allen/public_html/aloxoom/melbourn doit.htm
98.11.27 12:44 B D:\alotronic 98\alotronicweb\aloxoom\melbourn\drive.htm --> earth.dbworld.net.au /main/home/allen/public_html/aloxoom/melbourn drive.htm
98.11.27 12:44 B D:\alotronic 98\alotronicweb\aloxoom\melbourn\entry.htm --> earth.dbworld.net.au /main/home/allen/public_html/aloxoom/melbourn entry.htm
98.11.27 12:44 B D:\alotronic 98\alotronicweb\aloxoom\melbourn\exit.htm --> earth.dbworld.net.au /main/home/allen/public_html/aloxoom/melbourn exit.htm
98.11.27 12:45 B D:\alotronic 98\alotronicweb\aloxoom\melbourn\first.htm --> earth.dbworld.net.au /main/home/allen/public_html/aloxoom/melbourn first.htm
98.11.27 12:45 B D:\alotronic 98\alotronicweb\aloxoom\melbourn\fly.gif --> earth.dbworld.net.au /main/home/allen/public_html/aloxoom/melbourn fly.gif
98.11.27 12:45 B D:\alotronic 98\alotronicweb\aloxoom\melbourn\flyovera.htm --> earth.dbworld.net.au /main/home/allen/public_html/aloxoom/melbourn flyovera.htm
98.11.27 12:45 B D:\alotronic 98\alotronicweb\aloxoom\melbourn\flyoverb.htm --> earth.dbworld.net.au /main/home/allen/public_html/aloxoom/melbourn flyoverb.htm
98.11.27 12:45 B D:\alotronic 98\alotronicweb\aloxoom\melbourn\forced.gif --> earth.dbworld.net.au /main/home/allen/public_html/aloxoom/melbourn forced.gif
98.11.27 12:45 B D:\alotronic 98\alotronicweb\aloxoom\melbourn\foyer.htm --> earth.dbworld.net.au /main/home/allen/public_html/aloxoom/melbourn foyer.htm
98.11.27 12:45 B D:\alotronic 98\alotronicweb\aloxoom\melbourn\foyer2.htm --> earth.dbworld.net.au /main/home/allen/public_html/aloxoom/melbourn foyer2.htm
98.11.27 12:45 B D:\alotronic 98\alotronicweb\aloxoom\melbourn\go_a.htm --> earth.dbworld.net.au /main/home/allen/public_html/aloxoom/melbourn go_a.htm
98.11.27 12:45 B D:\alotronic 98\alotronicweb\aloxoom\melbourn\go_b.htm --> earth.dbworld.net.au /main/home/allen/public_html/aloxoom/melbourn go_b.htm
98.11.27 12:45 B D:\alotronic 98\alotronicweb\aloxoom\melbourn\go_c.htm --> earth.dbworld.net.au /main/home/allen/public_html/aloxoom/melbourn go_c.htm
98.11.27 12:45 B D:\alotronic 98\alotronicweb\aloxoom\melbourn\go_d.htm --> earth.dbworld.net.au /main/home/allen/public_html/aloxoom/melbourn go_d.htm
98.11.27 12:45 B D:\alotronic 98\alotronicweb\aloxoom\melbourn\going.htm --> earth.dbworld.net.au /main/home/allen/public_html/aloxoom/melbourn going.htm
98.11.27 12:45 B D:\alotronic 98\alotronicweb\aloxoom\melbourn\hate.htm --> earth.dbworld.net.au /main/home/allen/public_html/aloxoom/melbourn hate.htm
98.11.27 12:45 B D:\alotronic 98\alotronicweb\aloxoom\melbourn\her.htm --> earth.dbworld.net.au /main/home/allen/public_html/aloxoom/melbourn her.htm
98.11.27 12:45 B D:\alotronic 98\alotronicweb\aloxoom\melbourn\here.htm --> earth.dbworld.net.au /main/home/allen/public_html/aloxoom/melbourn here.htm
98.11.27 12:45 B D:\alotronic 98\alotronicweb\aloxoom\melbourn\horse.gif --> earth.dbworld.net.au /main/home/allen/public_html/aloxoom/melbourn horse.gif
98.11.27 12:45 B D:\alotronic 98\alotronicweb\aloxoom\melbourn\hr-tvrt.gif --> earth.dbworld.net.au /main/home/allen/public_html/aloxoom/melbourn hr-tvrt.gif
98.11.27 12:45 B D:\alotronic 98\alotronicweb\aloxoom\melbourn\intro_a1.htm --> earth.dbworld.net.au /main/home/allen/public_html/aloxoom/melbourn intro_a1.htm
98.11.27 12:46 B D:\alotronic 98\alotronicweb\aloxoom\melbourn\intro_b1.htm --> earth.dbworld.net.au /main/home/allen/public_html/aloxoom/melbourn intro_b1.htm
98.11.27 12:46 B D:\alotronic 98\alotronicweb\aloxoom\melbourn\INTRO_C1.BAK --> earth.dbworld.net.au /main/home/allen/public_html/aloxoom/melbourn INTRO_C1.BAK
98.11.27 12:46 B D:\alotronic 98\alotronicweb\aloxoom\melbourn\intro_c1.htm --> earth.dbworld.net.au /main/home/allen/public_html/aloxoom/melbourn intro_c1.htm
98.11.27 12:46 B D:\alotronic 98\alotronicweb\aloxoom\melbourn\intro_d1.htm --> earth.dbworld.net.au /main/home/allen/public_html/aloxoom/melbourn intro_d1.htm
98.11.27 12:46 B D:\alotronic 98\alotronicweb\aloxoom\melbourn\intro_x!.htm --> earth.dbworld.net.au /main/home/allen/public_html/aloxoom/melbourn intro_x!.htm
98.11.27 12:46 B D:\alotronic 98\alotronicweb\aloxoom\melbourn\intro_x.htm --> earth.dbworld.net.au /main/home/allen/public_html/aloxoom/melbourn intro_x.htm
98.11.27 12:46 B D:\alotronic 98\alotronicweb\aloxoom\melbourn\lane.htm --> earth.dbworld.net.au /main/home/allen/public_html/aloxoom/melbourn lane.htm
98.11.27 12:46 B D:\alotronic 98\alotronicweb\aloxoom\melbourn\lanes.gif --> earth.dbworld.net.au /main/home/allen/public_html/aloxoom/melbourn lanes.gif
98.11.27 12:46 B D:\alotronic 98\alotronicweb\aloxoom\melbourn\lanes.htm --> earth.dbworld.net.au /main/home/allen/public_html/aloxoom/melbourn lanes.htm
98.11.27 12:46 B D:\alotronic 98\alotronicweb\aloxoom\melbourn\laney.gif --> earth.dbworld.net.au /main/home/allen/public_html/aloxoom/melbourn laney.gif
98.11.27 12:46 B D:\alotronic 98\alotronicweb\aloxoom\melbourn\lauf.gif --> earth.dbworld.net.au /main/home/allen/public_html/aloxoom/melbourn lauf.gif
98.11.27 12:46 B D:\alotronic 98\alotronicweb\aloxoom\melbourn\leather.gif --> earth.dbworld.net.au /main/home/allen/public_html/aloxoom/melbourn leather.gif
98.11.27 12:46 B D:\alotronic 98\alotronicweb\aloxoom\melbourn\overpass.gif --> earth.dbworld.net.au /main/home/allen/public_html/aloxoom/melbourn overpass.gif
98.11.27 12:46 B D:\alotronic 98\alotronicweb\aloxoom\melbourn\owned.htm --> earth.dbworld.net.au /main/home/allen/public_html/aloxoom/melbourn owned.htm
98.11.27 12:46 B D:\alotronic 98\alotronicweb\aloxoom\melbourn\park_a.htm --> earth.dbworld.net.au /main/home/allen/public_html/aloxoom/melbourn park_a.htm
98.11.27 12:46 B D:\alotronic 98\alotronicweb\aloxoom\melbourn\park_b.htm --> earth.dbworld.net.au /main/home/allen/public_html/aloxoom/melbourn park_b.htm
98.11.27 12:46 B D:\alotronic 98\alotronicweb\aloxoom\melbourn\park_c.htm --> earth.dbworld.net.au /main/home/allen/public_html/aloxoom/melbourn park_c.htm
98.11.27 12:46 B D:\alotronic 98\alotronicweb\aloxoom\melbourn\park_d.htm --> earth.dbworld.net.au /main/home/allen/public_html/aloxoom/melbourn park_d.htm
98.11.27 12:46 B D:\alotronic 98\alotronicweb\aloxoom\melbourn\parkpan.gif --> earth.dbworld.net.au /main/home/allen/public_html/aloxoom/melbourn parkpan.gif
98.11.27 12:46 B D:\alotronic 98\alotronicweb\aloxoom\melbourn\parkpan.thn --> earth.dbworld.net.au /main/home/allen/public_html/aloxoom/melbourn parkpan.thn
98.11.27 12:47 B D:\alotronic 98\alotronicweb\aloxoom\melbourn\pass_b.htm --> earth.dbworld.net.au /main/home/allen/public_html/aloxoom/melbourn pass_b.htm
98.11.27 12:47 B D:\alotronic 98\alotronicweb\aloxoom\melbourn\pass_c.htm --> earth.dbworld.net.au /main/home/allen/public_html/aloxoom/melbourn pass_c.htm
98.11.27 12:47 B D:\alotronic 98\alotronicweb\aloxoom\melbourn\pass_d.htm --> earth.dbworld.net.au /main/home/allen/public_html/aloxoom/melbourn pass_d.htm
98.11.27 12:47 B D:\alotronic 98\alotronicweb\aloxoom\melbourn\presence.htm --> earth.dbworld.net.au /main/home/allen/public_html/aloxoom/melbourn presence.htm
98.11.27 12:47 B D:\alotronic 98\alotronicweb\aloxoom\melbourn\rcar.gif --> earth.dbworld.net.au /main/home/allen/public_html/aloxoom/melbourn rcar.gif
98.11.27 12:47 B D:\alotronic 98\alotronicweb\aloxoom\melbourn\recede.htm --> earth.dbworld.net.au /main/home/allen/public_html/aloxoom/melbourn recede.htm
98.11.27 12:47 B D:\alotronic 98\alotronicweb\aloxoom\melbourn\redback.gif --> earth.dbworld.net.au /main/home/allen/public_html/aloxoom/melbourn redback.gif
98.11.27 12:48 B D:\alotronic 98\alotronicweb\aloxoom\melbourn\refelc1.gif --> earth.dbworld.net.au /main/home/allen/public_html/aloxoom/melbourn refelc1.gif
98.11.27 12:49 B D:\alotronic 98\alotronicweb\aloxoom\melbourn\rex.gif --> earth.dbworld.net.au /main/home/allen/public_html/aloxoom/melbourn rex.gif
98.11.27 12:49 B D:\alotronic 98\alotronicweb\aloxoom\melbourn\river.gif --> earth.dbworld.net.au /main/home/allen/public_html/aloxoom/melbourn river.gif
98.11.27 12:49 B D:\alotronic 98\alotronicweb\aloxoom\melbourn\river.htm --> earth.dbworld.net.au /main/home/allen/public_html/aloxoom/melbourn river.htm
98.11.27 12:49 B D:\alotronic 98\alotronicweb\aloxoom\melbourn\riverno2.htm --> earth.dbworld.net.au /main/home/allen/public_html/aloxoom/melbourn riverno2.htm
98.11.27 12:49 B D:\alotronic 98\alotronicweb\aloxoom\melbourn\rivernon.htm --> earth.dbworld.net.au /main/home/allen/public_html/aloxoom/melbourn rivernon.htm
98.11.27 12:49 B D:\alotronic 98\alotronicweb\aloxoom\melbourn\riverpic.htm --> earth.dbworld.net.au /main/home/allen/public_html/aloxoom/melbourn riverpic.htm
98.11.27 12:50 B D:\alotronic 98\alotronicweb\aloxoom\melbourn\riverx.htm --> earth.dbworld.net.au /main/home/allen/public_html/aloxoom/melbourn riverx.htm
98.11.27 12:50 B D:\alotronic 98\alotronicweb\aloxoom\melbourn\road.gif --> earth.dbworld.net.au /main/home/allen/public_html/aloxoom/melbourn road.gif
98.11.27 12:50 B D:\alotronic 98\alotronicweb\aloxoom\melbourn\roulane.gif --> earth.dbworld.net.au /main/home/allen/public_html/aloxoom/melbourn roulane.gif
98.11.27 12:50 B D:\alotronic 98\alotronicweb\aloxoom\melbourn\shops.htm --> earth.dbworld.net.au /main/home/allen/public_html/aloxoom/melbourn shops.htm
98.11.27 12:50 B D:\alotronic 98\alotronicweb\aloxoom\melbourn\spaces.htm --> earth.dbworld.net.au /main/home/allen/public_html/aloxoom/melbourn spaces.htm
98.11.27 12:50 B D:\alotronic 98\alotronicweb\aloxoom\melbourn\start.htm --> earth.dbworld.net.au /main/home/allen/public_html/aloxoom/melbourn start.htm
98.11.27 12:50 B D:\alotronic 98\alotronicweb\aloxoom\melbourn\start2.htm --> earth.dbworld.net.au /main/home/allen/public_html/aloxoom/melbourn start2.htm
98.11.27 12:51 B D:\alotronic 98\alotronicweb\aloxoom\melbourn\table.gif --> earth.dbworld.net.au /main/home/allen/public_html/aloxoom/melbourn table.gif
98.11.27 12:51 B D:\alotronic 98\alotronicweb\aloxoom\melbourn\tcell.htm --> earth.dbworld.net.au /main/home/allen/public_html/aloxoom/melbourn tcell.htm
98.11.27 12:51 B D:\alotronic 98\alotronicweb\aloxoom\melbourn\thecar.htm --> earth.dbworld.net.au /main/home/allen/public_html/aloxoom/melbourn thecar.htm
98.11.27 12:51 B D:\alotronic 98\alotronicweb\aloxoom\melbourn\ticket.gif --> earth.dbworld.net.au /main/home/allen/public_html/aloxoom/melbourn ticket.gif
98.11.27 12:51 B D:\alotronic 98\alotronicweb\aloxoom\melbourn\ticket.htm --> earth.dbworld.net.au /main/home/allen/public_html/aloxoom/melbourn ticket.htm
98.11.27 12:51 B D:\alotronic 98\alotronicweb\aloxoom\melbourn\tower.gif --> earth.dbworld.net.au /main/home/allen/public_html/aloxoom/melbourn tower.gif
98.11.27 12:51 B D:\alotronic 98\alotronicweb\aloxoom\melbourn\tower.htm --> earth.dbworld.net.au /main/home/allen/public_html/aloxoom/melbourn tower.htm
98.11.27 12:51 B D:\alotronic 98\alotronicweb\aloxoom\melbourn\tower2.gif --> earth.dbworld.net.au /main/home/allen/public_html/aloxoom/melbourn tower2.gif
98.11.27 12:51 B D:\alotronic 98\alotronicweb\aloxoom\melbourn\trans1.htm --> earth.dbworld.net.au /main/home/allen/public_html/aloxoom/melbourn trans1.htm
98.11.27 12:51 B D:\alotronic 98\alotronicweb\aloxoom\melbourn\trans2.htm --> earth.dbworld.net.au /main/home/allen/public_html/aloxoom/melbourn trans2.htm
98.11.27 12:51 B D:\alotronic 98\alotronicweb\aloxoom\melbourn\tunnel1.gif --> earth.dbworld.net.au /main/home/allen/public_html/aloxoom/melbourn tunnel1.gif
98.11.27 12:52 B D:\alotronic 98\alotronicweb\aloxoom\melbourn\tunnel_b.htm --> earth.dbworld.net.au /main/home/allen/public_html/aloxoom/melbourn tunnel_b.htm
98.11.27 12:52 B D:\alotronic 98\alotronicweb\aloxoom\melbourn\tunnel_c.htm --> earth.dbworld.net.au /main/home/allen/public_html/aloxoom/melbourn tunnel_c.htm
98.11.27 12:52 B D:\alotronic 98\alotronicweb\aloxoom\melbourn\tunnel_d.htm --> earth.dbworld.net.au /main/home/allen/public_html/aloxoom/melbourn tunnel_d.htm
98.11.27 12:52 B D:\alotronic 98\alotronicweb\aloxoom\melbourn\tvanni2.gif --> earth.dbworld.net.au /main/home/allen/public_html/aloxoom/melbourn tvanni2.gif
98.11.27 12:52 B D:\alotronic 98\alotronicweb\aloxoom\melbourn\twirl1.gif --> earth.dbworld.net.au /main/home/allen/public_html/aloxoom/melbourn twirl1.gif
98.11.27 12:52 B D:\alotronic 98\alotronicweb\aloxoom\melbourn\twirl19.gif --> earth.dbworld.net.au /main/home/allen/public_html/aloxoom/melbourn twirl19.gif
98.11.27 12:52 B D:\alotronic 98\alotronicweb\aloxoom\melbourn\TWIRL21.GIF --> earth.dbworld.net.au /main/home/allen/public_html/aloxoom/melbourn TWIRL21.GIF
98.11.27 12:52 B D:\alotronic 98\alotronicweb\aloxoom\melbourn\twirl22.gif --> earth.dbworld.net.au /main/home/allen/public_html/aloxoom/melbourn twirl22.gif
98.11.27 12:52 B D:\alotronic 98\alotronicweb\aloxoom\melbourn\twirl5.gif --> earth.dbworld.net.au /main/home/allen/public_html/aloxoom/melbourn twirl5.gif
98.11.27 12:53 B D:\alotronic 98\alotronicweb\aloxoom\melbourn\twirl7.gif --> earth.dbworld.net.au /main/home/allen/public_html/aloxoom/melbourn twirl7.gif
98.11.27 12:53 B D:\alotronic 98\alotronicweb\aloxoom\melbourn\van.htm --> earth.dbworld.net.au /main/home/allen/public_html/aloxoom/melbourn van.htm
98.11.27 12:53 B D:\alotronic 98\alotronicweb\aloxoom\melbourn\vanish.htm --> earth.dbworld.net.au /main/home/allen/public_html/aloxoom/melbourn vanish.htm
98.11.27 12:53 B D:\alotronic 98\alotronicweb\aloxoom\melbourn\WS_FTP.LOG --> earth.dbworld.net.au /main/home/allen/public_html/aloxoom/melbourn WS_FTP.LOG
98.11.27 12:53 B D:\alotronic 98\alotronicweb\aloxoom\melbourn\yarra.htm --> earth.dbworld.net.au /main/home/allen/public_html/aloxoom/melbourn yarra.htm
98.11.27 12:53 B D:\alotronic 98\alotronicweb\aloxoom\melbourn\yarra3.htm --> earth.dbworld.net.au /main/home/allen/public_html/aloxoom/melbourn yarra3.htm
