98.10.21 12:30 B D:\alotronic 98\alotronic www\aloxoom\netslice\nemote_00.gif --> ftp.xoom.com /netslice nemote_00.gif
98.10.21 12:30 B D:\alotronic 98\alotronic www\aloxoom\netslice\nemote_01_01.gif --> ftp.xoom.com /netslice nemote_01_01.gif
98.10.21 12:30 B D:\alotronic 98\alotronic www\aloxoom\netslice\nemote_02_01.gif --> ftp.xoom.com /netslice nemote_02_01.gif
98.10.21 12:30 B D:\alotronic 98\alotronic www\aloxoom\netslice\nemote_02_01_over.gif --> ftp.xoom.com /netslice nemote_02_01_over.gif
98.10.21 12:30 B D:\alotronic 98\alotronic www\aloxoom\netslice\nemote_03_01.gif --> ftp.xoom.com /netslice nemote_03_01.gif
98.10.21 12:30 B D:\alotronic 98\alotronic www\aloxoom\netslice\nemote_03_01_over.gif --> ftp.xoom.com /netslice nemote_03_01_over.gif
98.10.21 12:30 B D:\alotronic 98\alotronic www\aloxoom\netslice\nemote_04_01.gif --> ftp.xoom.com /netslice nemote_04_01.gif
98.10.21 12:30 B D:\alotronic 98\alotronic www\aloxoom\netslice\nemote_04_01_over.gif --> ftp.xoom.com /netslice nemote_04_01_over.gif
98.10.21 12:30 B D:\alotronic 98\alotronic www\aloxoom\netslice\nemote_05_01.gif --> ftp.xoom.com /netslice nemote_05_01.gif
98.10.21 12:30 B D:\alotronic 98\alotronic www\aloxoom\netslice\nemote_05_01_over.gif --> ftp.xoom.com /netslice nemote_05_01_over.gif
98.10.21 12:31 B D:\alotronic 98\alotronic www\aloxoom\netslice\nemote_07_01.gif --> ftp.xoom.com /netslice nemote_07_01.gif
98.10.21 12:31 B D:\alotronic 98\alotronic www\aloxoom\netslice\nremote_00.gif --> ftp.xoom.com /netslice nremote_00.gif
98.10.21 12:31 B D:\alotronic 98\alotronic www\aloxoom\netslice\nremote_01_01.gif --> ftp.xoom.com /netslice nremote_01_01.gif
98.10.21 12:31 B D:\alotronic 98\alotronic www\aloxoom\netslice\nremote_02_01.gif --> ftp.xoom.com /netslice nremote_02_01.gif
98.10.21 12:31 B D:\alotronic 98\alotronic www\aloxoom\netslice\nremote_02_01_over.gif --> ftp.xoom.com /netslice nremote_02_01_over.gif
98.10.21 12:31 B D:\alotronic 98\alotronic www\aloxoom\netslice\nremote_03_01.gif --> ftp.xoom.com /netslice nremote_03_01.gif
98.10.21 12:31 B D:\alotronic 98\alotronic www\aloxoom\netslice\nremote_03_01_over.gif --> ftp.xoom.com /netslice nremote_03_01_over.gif
98.10.21 12:31 B D:\alotronic 98\alotronic www\aloxoom\netslice\nremote_04_01.gif --> ftp.xoom.com /netslice nremote_04_01.gif
98.10.21 12:31 B D:\alotronic 98\alotronic www\aloxoom\netslice\nremote_04_01_over.gif --> ftp.xoom.com /netslice nremote_04_01_over.gif
98.10.21 12:31 B D:\alotronic 98\alotronic www\aloxoom\netslice\nremote_05_01.gif --> ftp.xoom.com /netslice nremote_05_01.gif
98.10.21 12:31 B D:\alotronic 98\alotronic www\aloxoom\netslice\nremote_05_01_over.gif --> ftp.xoom.com /netslice nremote_05_01_over.gif
98.10.21 12:31 B D:\alotronic 98\alotronic www\aloxoom\netslice\nremote_07_01.gif --> ftp.xoom.com /netslice nremote_07_01.gif
98.11.27 12:54 B D:\alotronic 98\alotronicweb\aloxoom\netslice\nemote_00.gif --> earth.dbworld.net.au /main/home/allen/public_html/aloxoom/netslice nemote_00.gif
98.11.27 12:54 B D:\alotronic 98\alotronicweb\aloxoom\netslice\nemote_01_01.gif --> earth.dbworld.net.au /main/home/allen/public_html/aloxoom/netslice nemote_01_01.gif
98.11.27 12:54 B D:\alotronic 98\alotronicweb\aloxoom\netslice\nemote_02_01.gif --> earth.dbworld.net.au /main/home/allen/public_html/aloxoom/netslice nemote_02_01.gif
98.11.27 12:54 B D:\alotronic 98\alotronicweb\aloxoom\netslice\nemote_02_01_over.gif --> earth.dbworld.net.au /main/home/allen/public_html/aloxoom/netslice nemote_02_01_over.gif
98.11.27 12:54 B D:\alotronic 98\alotronicweb\aloxoom\netslice\nemote_03_01.gif --> earth.dbworld.net.au /main/home/allen/public_html/aloxoom/netslice nemote_03_01.gif
98.11.27 12:54 B D:\alotronic 98\alotronicweb\aloxoom\netslice\nemote_03_01_over.gif --> earth.dbworld.net.au /main/home/allen/public_html/aloxoom/netslice nemote_03_01_over.gif
98.11.27 12:54 B D:\alotronic 98\alotronicweb\aloxoom\netslice\nemote_04_01.gif --> earth.dbworld.net.au /main/home/allen/public_html/aloxoom/netslice nemote_04_01.gif
98.11.27 12:54 B D:\alotronic 98\alotronicweb\aloxoom\netslice\nemote_04_01_over.gif --> earth.dbworld.net.au /main/home/allen/public_html/aloxoom/netslice nemote_04_01_over.gif
98.11.27 12:54 B D:\alotronic 98\alotronicweb\aloxoom\netslice\nemote_05_01.gif --> earth.dbworld.net.au /main/home/allen/public_html/aloxoom/netslice nemote_05_01.gif
98.11.27 12:54 B D:\alotronic 98\alotronicweb\aloxoom\netslice\nemote_05_01_over.gif --> earth.dbworld.net.au /main/home/allen/public_html/aloxoom/netslice nemote_05_01_over.gif
98.11.27 12:54 B D:\alotronic 98\alotronicweb\aloxoom\netslice\nemote_07_01.gif --> earth.dbworld.net.au /main/home/allen/public_html/aloxoom/netslice nemote_07_01.gif
98.11.27 12:54 B D:\alotronic 98\alotronicweb\aloxoom\netslice\nremote_00.gif --> earth.dbworld.net.au /main/home/allen/public_html/aloxoom/netslice nremote_00.gif
98.11.27 12:54 B D:\alotronic 98\alotronicweb\aloxoom\netslice\nremote_01_01.gif --> earth.dbworld.net.au /main/home/allen/public_html/aloxoom/netslice nremote_01_01.gif
98.11.27 12:54 B D:\alotronic 98\alotronicweb\aloxoom\netslice\nremote_02_01.gif --> earth.dbworld.net.au /main/home/allen/public_html/aloxoom/netslice nremote_02_01.gif
98.11.27 12:54 B D:\alotronic 98\alotronicweb\aloxoom\netslice\nremote_02_01_over.gif --> earth.dbworld.net.au /main/home/allen/public_html/aloxoom/netslice nremote_02_01_over.gif
98.11.27 12:55 B D:\alotronic 98\alotronicweb\aloxoom\netslice\nremote_03_01.gif --> earth.dbworld.net.au /main/home/allen/public_html/aloxoom/netslice nremote_03_01.gif
98.11.27 12:55 B D:\alotronic 98\alotronicweb\aloxoom\netslice\nremote_03_01_over.gif --> earth.dbworld.net.au /main/home/allen/public_html/aloxoom/netslice nremote_03_01_over.gif
98.11.27 12:55 B D:\alotronic 98\alotronicweb\aloxoom\netslice\nremote_04_01.gif --> earth.dbworld.net.au /main/home/allen/public_html/aloxoom/netslice nremote_04_01.gif
98.11.27 12:55 B D:\alotronic 98\alotronicweb\aloxoom\netslice\nremote_04_01_over.gif --> earth.dbworld.net.au /main/home/allen/public_html/aloxoom/netslice nremote_04_01_over.gif
98.11.27 12:55 B D:\alotronic 98\alotronicweb\aloxoom\netslice\nremote_05_01.gif --> earth.dbworld.net.au /main/home/allen/public_html/aloxoom/netslice nremote_05_01.gif
98.11.27 12:55 B D:\alotronic 98\alotronicweb\aloxoom\netslice\nremote_05_01_over.gif --> earth.dbworld.net.au /main/home/allen/public_html/aloxoom/netslice nremote_05_01_over.gif
98.11.27 12:55 B D:\alotronic 98\alotronicweb\aloxoom\netslice\nremote_07_01.gif --> earth.dbworld.net.au /main/home/allen/public_html/aloxoom/netslice nremote_07_01.gif
98.11.27 12:55 B D:\alotronic 98\alotronicweb\aloxoom\netslice\WS_FTP.LOG --> earth.dbworld.net.au /main/home/allen/public_html/aloxoom/netslice WS_FTP.LOG
98.12.02 12:40 B D:\alotronic 98\alotronicweb\aloxoom\netslice\nemote_00.gif --> earth.dbworld.net.au /main/home/allen/public_html/aloxoom/netslice nemote_00.gif
98.12.02 12:40 B D:\alotronic 98\alotronicweb\aloxoom\netslice\nemote_01_01.gif --> earth.dbworld.net.au /main/home/allen/public_html/aloxoom/netslice nemote_01_01.gif
98.12.02 12:40 B D:\alotronic 98\alotronicweb\aloxoom\netslice\nemote_02_01.gif --> earth.dbworld.net.au /main/home/allen/public_html/aloxoom/netslice nemote_02_01.gif
98.12.02 12:40 B D:\alotronic 98\alotronicweb\aloxoom\netslice\nemote_02_01_over.gif --> earth.dbworld.net.au /main/home/allen/public_html/aloxoom/netslice nemote_02_01_over.gif
98.12.02 12:40 B D:\alotronic 98\alotronicweb\aloxoom\netslice\nemote_03_01.gif --> earth.dbworld.net.au /main/home/allen/public_html/aloxoom/netslice nemote_03_01.gif
98.12.02 12:40 B D:\alotronic 98\alotronicweb\aloxoom\netslice\nemote_03_01_over.gif --> earth.dbworld.net.au /main/home/allen/public_html/aloxoom/netslice nemote_03_01_over.gif
98.12.02 12:40 B D:\alotronic 98\alotronicweb\aloxoom\netslice\nemote_04_01.gif --> earth.dbworld.net.au /main/home/allen/public_html/aloxoom/netslice nemote_04_01.gif
98.12.02 12:40 B D:\alotronic 98\alotronicweb\aloxoom\netslice\nemote_04_01_over.gif --> earth.dbworld.net.au /main/home/allen/public_html/aloxoom/netslice nemote_04_01_over.gif
98.12.02 12:40 B D:\alotronic 98\alotronicweb\aloxoom\netslice\nemote_05_01.gif --> earth.dbworld.net.au /main/home/allen/public_html/aloxoom/netslice nemote_05_01.gif
98.12.02 12:40 B D:\alotronic 98\alotronicweb\aloxoom\netslice\nemote_05_01_over.gif --> earth.dbworld.net.au /main/home/allen/public_html/aloxoom/netslice nemote_05_01_over.gif
98.12.02 12:40 B D:\alotronic 98\alotronicweb\aloxoom\netslice\nemote_07_01.gif --> earth.dbworld.net.au /main/home/allen/public_html/aloxoom/netslice nemote_07_01.gif
98.12.02 12:40 B D:\alotronic 98\alotronicweb\aloxoom\netslice\nremote_00.gif --> earth.dbworld.net.au /main/home/allen/public_html/aloxoom/netslice nremote_00.gif
98.12.02 12:40 B D:\alotronic 98\alotronicweb\aloxoom\netslice\nremote_01_01.gif --> earth.dbworld.net.au /main/home/allen/public_html/aloxoom/netslice nremote_01_01.gif
98.12.02 12:40 B D:\alotronic 98\alotronicweb\aloxoom\netslice\nremote_02_01.gif --> earth.dbworld.net.au /main/home/allen/public_html/aloxoom/netslice nremote_02_01.gif
98.12.02 12:40 B D:\alotronic 98\alotronicweb\aloxoom\netslice\nremote_02_01_over.gif --> earth.dbworld.net.au /main/home/allen/public_html/aloxoom/netslice nremote_02_01_over.gif
98.12.02 12:40 B D:\alotronic 98\alotronicweb\aloxoom\netslice\nremote_03_01.gif --> earth.dbworld.net.au /main/home/allen/public_html/aloxoom/netslice nremote_03_01.gif
98.12.02 12:40 B D:\alotronic 98\alotronicweb\aloxoom\netslice\nremote_03_01_over.gif --> earth.dbworld.net.au /main/home/allen/public_html/aloxoom/netslice nremote_03_01_over.gif
98.12.02 12:40 B D:\alotronic 98\alotronicweb\aloxoom\netslice\nremote_04_01.gif --> earth.dbworld.net.au /main/home/allen/public_html/aloxoom/netslice nremote_04_01.gif
98.12.02 12:40 B D:\alotronic 98\alotronicweb\aloxoom\netslice\nremote_04_01_over.gif --> earth.dbworld.net.au /main/home/allen/public_html/aloxoom/netslice nremote_04_01_over.gif
98.12.02 12:40 B D:\alotronic 98\alotronicweb\aloxoom\netslice\nremote_05_01.gif --> earth.dbworld.net.au /main/home/allen/public_html/aloxoom/netslice nremote_05_01.gif
98.12.02 12:40 B D:\alotronic 98\alotronicweb\aloxoom\netslice\nremote_05_01_over.gif --> earth.dbworld.net.au /main/home/allen/public_html/aloxoom/netslice nremote_05_01_over.gif
98.12.02 12:40 B D:\alotronic 98\alotronicweb\aloxoom\netslice\nremote_07_01.gif --> earth.dbworld.net.au /main/home/allen/public_html/aloxoom/netslice nremote_07_01.gif
98.12.02 12:50 B D:\alotronic 98\alotronicweb\aloxoom\netslice\nremote.htm <-- alobell /main/home/allen/public_html/aloxoom nremote.htm
