98.11.27 12:54 B D:\alotronic 98\alotronicweb\aloxoom\netslice\_vti_cnf\nemote_00.gif --> earth.dbworld.net.au /main/home/allen/public_html/aloxoom/netslice/_vti_cnf nemote_00.gif
98.11.27 12:54 B D:\alotronic 98\alotronicweb\aloxoom\netslice\_vti_cnf\nemote_01_01.gif --> earth.dbworld.net.au /main/home/allen/public_html/aloxoom/netslice/_vti_cnf nemote_01_01.gif
98.11.27 12:54 B D:\alotronic 98\alotronicweb\aloxoom\netslice\_vti_cnf\nemote_02_01.gif --> earth.dbworld.net.au /main/home/allen/public_html/aloxoom/netslice/_vti_cnf nemote_02_01.gif
98.11.27 12:54 B D:\alotronic 98\alotronicweb\aloxoom\netslice\_vti_cnf\nemote_02_01_over.gif --> earth.dbworld.net.au /main/home/allen/public_html/aloxoom/netslice/_vti_cnf nemote_02_01_over.gif
98.11.27 12:54 B D:\alotronic 98\alotronicweb\aloxoom\netslice\_vti_cnf\nemote_03_01.gif --> earth.dbworld.net.au /main/home/allen/public_html/aloxoom/netslice/_vti_cnf nemote_03_01.gif
98.11.27 12:54 B D:\alotronic 98\alotronicweb\aloxoom\netslice\_vti_cnf\nemote_03_01_over.gif --> earth.dbworld.net.au /main/home/allen/public_html/aloxoom/netslice/_vti_cnf nemote_03_01_over.gif
98.11.27 12:54 B D:\alotronic 98\alotronicweb\aloxoom\netslice\_vti_cnf\nemote_04_01.gif --> earth.dbworld.net.au /main/home/allen/public_html/aloxoom/netslice/_vti_cnf nemote_04_01.gif
98.11.27 12:54 B D:\alotronic 98\alotronicweb\aloxoom\netslice\_vti_cnf\nemote_04_01_over.gif --> earth.dbworld.net.au /main/home/allen/public_html/aloxoom/netslice/_vti_cnf nemote_04_01_over.gif
98.11.27 12:54 B D:\alotronic 98\alotronicweb\aloxoom\netslice\_vti_cnf\nemote_05_01.gif --> earth.dbworld.net.au /main/home/allen/public_html/aloxoom/netslice/_vti_cnf nemote_05_01.gif
98.11.27 12:54 B D:\alotronic 98\alotronicweb\aloxoom\netslice\_vti_cnf\nemote_05_01_over.gif --> earth.dbworld.net.au /main/home/allen/public_html/aloxoom/netslice/_vti_cnf nemote_05_01_over.gif
98.11.27 12:54 B D:\alotronic 98\alotronicweb\aloxoom\netslice\_vti_cnf\nemote_07_01.gif --> earth.dbworld.net.au /main/home/allen/public_html/aloxoom/netslice/_vti_cnf nemote_07_01.gif
98.11.27 12:54 B D:\alotronic 98\alotronicweb\aloxoom\netslice\_vti_cnf\nremote_00.gif --> earth.dbworld.net.au /main/home/allen/public_html/aloxoom/netslice/_vti_cnf nremote_00.gif
98.11.27 12:54 B D:\alotronic 98\alotronicweb\aloxoom\netslice\_vti_cnf\nremote_01_01.gif --> earth.dbworld.net.au /main/home/allen/public_html/aloxoom/netslice/_vti_cnf nremote_01_01.gif
98.11.27 12:54 B D:\alotronic 98\alotronicweb\aloxoom\netslice\_vti_cnf\nremote_02_01.gif --> earth.dbworld.net.au /main/home/allen/public_html/aloxoom/netslice/_vti_cnf nremote_02_01.gif
98.11.27 12:54 B D:\alotronic 98\alotronicweb\aloxoom\netslice\_vti_cnf\nremote_02_01_over.gif --> earth.dbworld.net.au /main/home/allen/public_html/aloxoom/netslice/_vti_cnf nremote_02_01_over.gif
98.11.27 12:54 B D:\alotronic 98\alotronicweb\aloxoom\netslice\_vti_cnf\nremote_03_01.gif --> earth.dbworld.net.au /main/home/allen/public_html/aloxoom/netslice/_vti_cnf nremote_03_01.gif
98.11.27 12:54 B D:\alotronic 98\alotronicweb\aloxoom\netslice\_vti_cnf\nremote_03_01_over.gif --> earth.dbworld.net.au /main/home/allen/public_html/aloxoom/netslice/_vti_cnf nremote_03_01_over.gif
98.11.27 12:54 B D:\alotronic 98\alotronicweb\aloxoom\netslice\_vti_cnf\nremote_04_01.gif --> earth.dbworld.net.au /main/home/allen/public_html/aloxoom/netslice/_vti_cnf nremote_04_01.gif
98.11.27 12:54 B D:\alotronic 98\alotronicweb\aloxoom\netslice\_vti_cnf\nremote_04_01_over.gif --> earth.dbworld.net.au /main/home/allen/public_html/aloxoom/netslice/_vti_cnf nremote_04_01_over.gif
98.11.27 12:54 B D:\alotronic 98\alotronicweb\aloxoom\netslice\_vti_cnf\nremote_05_01.gif --> earth.dbworld.net.au /main/home/allen/public_html/aloxoom/netslice/_vti_cnf nremote_05_01.gif
98.11.27 12:54 B D:\alotronic 98\alotronicweb\aloxoom\netslice\_vti_cnf\nremote_05_01_over.gif --> earth.dbworld.net.au /main/home/allen/public_html/aloxoom/netslice/_vti_cnf nremote_05_01_over.gif
98.11.27 12:54 B D:\alotronic 98\alotronicweb\aloxoom\netslice\_vti_cnf\nremote_07_01.gif --> earth.dbworld.net.au /main/home/allen/public_html/aloxoom/netslice/_vti_cnf nremote_07_01.gif
